{"/home/igshipilov/frontend-project-46/src/index.js": {"path":"/home/igshipilov/frontend-project-46/src/index.js","statementMap":{"0":{"start":{"line":9,"column":20},"end":{"line":15,"column":1}},"1":{"start":{"line":10,"column":27},"end":{"line":10,"column":40}},"2":{"start":{"line":11,"column":19},"end":{"line":11,"column":59}},"3":{"start":{"line":14,"column":2},"end":{"line":14,"column":18}},"4":{"start":{"line":17,"column":0},"end":{"line":17,"column":38}},"5":{"start":{"line":20,"column":23},"end":{"line":20,"column":76}},"6":{"start":{"line":20,"column":33},"end":{"line":20,"column":76}},"7":{"start":{"line":23,"column":16},"end":{"line":68,"column":1}},"8":{"start":{"line":24,"column":15},"end":{"line":24,"column":48}},"9":{"start":{"line":25,"column":15},"end":{"line":25,"column":48}},"10":{"start":{"line":27,"column":16},"end":{"line":27,"column":33}},"11":{"start":{"line":28,"column":16},"end":{"line":28,"column":33}},"12":{"start":{"line":36,"column":15},"end":{"line":36,"column":43}},"13":{"start":{"line":38,"column":17},"end":{"line":38,"column":20}},"14":{"start":{"line":39,"column":22},"end":{"line":39,"column":23}},"15":{"start":{"line":40,"column":24},"end":{"line":40,"column":50}},"16":{"start":{"line":41,"column":13},"end":{"line":41,"column":17}},"17":{"start":{"line":44,"column":16},"end":{"line":62,"column":6}},"18":{"start":{"line":46,"column":8},"end":{"line":61,"column":9}},"19":{"start":{"line":47,"column":10},"end":{"line":47,"column":58}},"20":{"start":{"line":49,"column":15},"end":{"line":61,"column":9}},"21":{"start":{"line":50,"column":10},"end":{"line":50,"column":68}},"22":{"start":{"line":52,"column":15},"end":{"line":61,"column":9}},"23":{"start":{"line":53,"column":10},"end":{"line":53,"column":58}},"24":{"start":{"line":55,"column":15},"end":{"line":61,"column":9}},"25":{"start":{"line":56,"column":10},"end":{"line":56,"column":101}},"26":{"start":{"line":58,"column":15},"end":{"line":61,"column":9}},"27":{"start":{"line":59,"column":10},"end":{"line":59,"column":72}},"28":{"start":{"line":64,"column":2},"end":{"line":67,"column":18}}},"fnMap":{"0":{"name":"(anonymous_0)","decl":{"start":{"line":9,"column":20},"end":{"line":9,"column":21}},"loc":{"start":{"line":9,"column":34},"end":{"line":15,"column":1}},"line":9},"1":{"name":"(anonymous_1)","decl":{"start":{"line":20,"column":23},"end":{"line":20,"column":24}},"loc":{"start":{"line":20,"column":33},"end":{"line":20,"column":76}},"line":20},"2":{"name":"(anonymous_2)","decl":{"start":{"line":23,"column":16},"end":{"line":23,"column":17}},"loc":{"start":{"line":23,"column":34},"end":{"line":68,"column":1}},"line":23},"3":{"name":"(anonymous_3)","decl":{"start":{"line":45,"column":9},"end":{"line":45,"column":10}},"loc":{"start":{"line":45,"column":18},"end":{"line":62,"column":5}},"line":45}},"branchMap":{"0":{"loc":{"start":{"line":46,"column":8},"end":{"line":61,"column":9}},"type":"if","locations":[{"start":{"line":46,"column":8},"end":{"line":61,"column":9}},{"start":{"line":49,"column":15},"end":{"line":61,"column":9}}],"line":46},"1":{"loc":{"start":{"line":49,"column":15},"end":{"line":61,"column":9}},"type":"if","locations":[{"start":{"line":49,"column":15},"end":{"line":61,"column":9}},{"start":{"line":52,"column":15},"end":{"line":61,"column":9}}],"line":49},"2":{"loc":{"start":{"line":49,"column":19},"end":{"line":49,"column":75}},"type":"binary-expr","locations":[{"start":{"line":49,"column":19},"end":{"line":49,"column":45}},{"start":{"line":49,"column":49},"end":{"line":49,"column":75}}],"line":49},"3":{"loc":{"start":{"line":52,"column":15},"end":{"line":61,"column":9}},"type":"if","locations":[{"start":{"line":52,"column":15},"end":{"line":61,"column":9}},{"start":{"line":55,"column":15},"end":{"line":61,"column":9}}],"line":52},"4":{"loc":{"start":{"line":55,"column":15},"end":{"line":61,"column":9}},"type":"if","locations":[{"start":{"line":55,"column":15},"end":{"line":61,"column":9}},{"start":{"line":58,"column":15},"end":{"line":61,"column":9}}],"line":55},"5":{"loc":{"start":{"line":58,"column":15},"end":{"line":61,"column":9}},"type":"if","locations":[{"start":{"line":58,"column":15},"end":{"line":61,"column":9}},{"start":{},"end":{}}],"line":58}},"s":{"0":1,"1":3,"2":3,"3":3,"4":1,"5":1,"6":2,"7":1,"8":1,"9":1,"10":1,"11":1,"12":1,"13":1,"14":1,"15":1,"16":1,"17":1,"18":5,"19":2,"20":3,"21":0,"22":3,"23":1,"24":2,"25":1,"26":1,"27":1,"28":1},"f":{"0":3,"1":2,"2":1,"3":5},"b":{"0":[2,3],"1":[0,3],"2":[3,0],"3":[1,2],"4":[1,1],"5":[1,0]},"_coverageSchema":"1a1c01bbd47fc00a2c39e90264f33305004495a9","hash":"e533c1f19d25e8f545a09dfd76196f6899e9c77d"}
,"/home/igshipilov/frontend-project-46/src/parse.js": {"path":"/home/igshipilov/frontend-project-46/src/parse.js","statementMap":{"0":{"start":{"line":3,"column":22},"end":{"line":3,"column":64}},"1":{"start":{"line":3,"column":32},"end":{"line":3,"column":64}}},"fnMap":{"0":{"name":"(anonymous_0)","decl":{"start":{"line":3,"column":22},"end":{"line":3,"column":23}},"loc":{"start":{"line":3,"column":32},"end":{"line":3,"column":64}},"line":3}},"branchMap":{},"s":{"0":1,"1":2},"f":{"0":2},"b":{},"_coverageSchema":"1a1c01bbd47fc00a2c39e90264f33305004495a9","hash":"6f7f26cfe0881563b3f648307e9b3cbdade60bb5"}
}
