TN:
SF:src/index.js
FN:9,(anonymous_0)
FN:20,(anonymous_1)
FN:23,(anonymous_2)
FN:45,(anonymous_3)
FNF:4
FNH:4
FNDA:3,(anonymous_0)
FNDA:2,(anonymous_1)
FNDA:1,(anonymous_2)
FNDA:5,(anonymous_3)
DA:9,1
DA:10,3
DA:11,3
DA:14,3
DA:17,1
DA:20,2
DA:23,1
DA:24,1
DA:25,1
DA:27,1
DA:28,1
DA:36,1
DA:38,1
DA:39,1
DA:40,1
DA:41,1
DA:44,1
DA:46,5
DA:47,2
DA:49,3
DA:50,0
DA:52,3
DA:53,1
DA:55,2
DA:56,1
DA:58,1
DA:59,1
DA:64,1
LF:28
LH:27
BRDA:46,0,0,2
BRDA:46,0,1,3
BRDA:49,1,0,0
BRDA:49,1,1,3
BRDA:49,2,0,3
BRDA:49,2,1,0
BRDA:52,3,0,1
BRDA:52,3,1,2
BRDA:55,4,0,1
BRDA:55,4,1,1
BRDA:58,5,0,1
BRDA:58,5,1,0
BRF:12
BRH:9
end_of_record
TN:
SF:src/parse.js
FN:3,(anonymous_0)
FNF:1
FNH:1
FNDA:2,(anonymous_0)
DA:3,2
LF:1
LH:1
BRF:0
BRH:0
end_of_record
